This file contains any messages produced by compilers while
running configure, to aid debugging if configure makes a mistake.

It was created by bmx configure 0.1.3, which was
generated by GNU Autoconf 2.69.  Invocation command line was

  $ ./configure 

## --------- ##
## Platform. ##
## --------- ##

hostname = TedButler.local
uname -m = x86_64
uname -r = 17.7.0
uname -s = Darwin
uname -v = Darwin Kernel Version 17.7.0: Thu Jun 21 22:53:14 PDT 2018; root:xnu-4570.71.2~1/RELEASE_X86_64

/usr/bin/uname -p = i386
/bin/uname -X     = unknown

/bin/arch              = unknown
/usr/bin/arch -k       = unknown
/usr/convex/getsysinfo = unknown
/usr/bin/hostinfo      = Mach kernel version:
	 Darwin Kernel Version 17.7.0: Thu Jun 21 22:53:14 PDT 2018; root:xnu-4570.71.2~1/RELEASE_X86_64
Kernel configured for up to 8 processors.
4 processors are physically available.
8 processors are logically available.
Processor type: x86_64h (Intel x86-64h Haswell)
Processors active: 0 1 2 3 4 5 6 7
Primary memory available: 16.00 gigabytes
Default processor set: 529 tasks, 3480 threads, 8 processors
Load average: 2.06, Mach factor: 5.93
/bin/machine           = unknown
/usr/bin/oslevel       = unknown
/bin/universe          = unknown

PATH: /Library/Frameworks/Python.framework/Versions/2.7/bin
PATH: /Library/Frameworks/Python.framework/Versions/2.7/bin
PATH: /usr/local/bin
PATH: /usr/bin
PATH: /bin
PATH: /usr/sbin
PATH: /sbin
PATH: /Applications/VMware Fusion.app/Contents/Public
PATH: /Applications/Wireshark.app/Contents/MacOS


## ----------- ##
## Core tests. ##
## ----------- ##

configure:2647: checking for a BSD-compatible install
configure:2715: result: /usr/bin/install -c
configure:2726: checking whether build environment is sane
configure:2781: result: yes
configure:2932: checking for a thread-safe mkdir -p
configure:2971: result: ./install-sh -c -d
configure:2978: checking for gawk
configure:3008: result: no
configure:2978: checking for mawk
configure:3008: result: no
configure:2978: checking for nawk
configure:3008: result: no
configure:2978: checking for awk
configure:2994: found /usr/bin/awk
configure:3005: result: awk
configure:3016: checking whether make sets $(MAKE)
configure:3038: result: yes
configure:3067: checking whether make supports nested variables
configure:3084: result: yes
configure:3221: checking whether make supports nested variables
configure:3238: result: yes
configure:3262: checking for style of include used by make
configure:3290: result: GNU
configure:3361: checking for gcc
configure:3377: found /usr/bin/gcc
configure:3388: result: gcc
configure:3617: checking for C compiler version
configure:3626: gcc --version >&5
Apple LLVM version 10.0.0 (clang-1000.11.45.5)
Target: x86_64-apple-darwin17.7.0
Thread model: posix
InstalledDir: /Applications/Xcode.app/Contents/Developer/Toolchains/XcodeDefault.xctoolchain/usr/bin
Configured with: --prefix=/Applications/Xcode.app/Contents/Developer/usr --with-gxx-include-dir=/usr/include/c++/4.2.1
configure:3637: $? = 0
configure:3626: gcc -v >&5
Configured with: --prefix=/Applications/Xcode.app/Contents/Developer/usr --with-gxx-include-dir=/usr/include/c++/4.2.1
Apple LLVM version 10.0.0 (clang-1000.11.45.5)
Target: x86_64-apple-darwin17.7.0
Thread model: posix
InstalledDir: /Applications/Xcode.app/Contents/Developer/Toolchains/XcodeDefault.xctoolchain/usr/bin
configure:3637: $? = 0
configure:3626: gcc -V >&5
clang: error: argument to '-V' is missing (expected 1 value)
clang: error: no input files
configure:3637: $? = 1
configure:3626: gcc -qversion >&5
clang: error: unknown argument: '-qversion'
clang: error: no input files
configure:3637: $? = 1
configure:3657: checking whether the C compiler works
configure:3679: gcc    conftest.c  >&5
configure:3683: $? = 0
configure:3731: result: yes
configure:3734: checking for C compiler default output file name
configure:3736: result: a.out
configure:3742: checking for suffix of executables
configure:3749: gcc -o conftest    conftest.c  >&5
configure:3753: $? = 0
configure:3775: result: 
configure:3797: checking whether we are cross compiling
configure:3805: gcc -o conftest    conftest.c  >&5
configure:3809: $? = 0
configure:3816: ./conftest
configure:3820: $? = 0
configure:3835: result: no
configure:3840: checking for suffix of object files
configure:3862: gcc -c   conftest.c >&5
configure:3866: $? = 0
configure:3887: result: o
configure:3891: checking whether we are using the GNU C compiler
configure:3910: gcc -c   conftest.c >&5
configure:3910: $? = 0
configure:3919: result: yes
configure:3928: checking whether gcc accepts -g
configure:3948: gcc -c -g  conftest.c >&5
configure:3948: $? = 0
configure:3989: result: yes
configure:4006: checking for gcc option to accept ISO C89
configure:4069: gcc  -c -g -O2  conftest.c >&5
configure:4069: $? = 0
configure:4082: result: none needed
configure:4107: checking whether gcc understands -c and -o together
configure:4129: gcc -c conftest.c -o conftest2.o
configure:4132: $? = 0
configure:4129: gcc -c conftest.c -o conftest2.o
configure:4132: $? = 0
configure:4144: result: yes
configure:4163: checking dependency style of gcc
configure:4274: result: gcc3
configure:4339: checking for ar
configure:4355: found /usr/bin/ar
configure:4366: result: ar
configure:4392: checking the archiver (ar) interface
configure:4408: gcc -c -g -O2  conftest.c >&5
configure:4408: $? = 0
configure:4410: ar cru libconftest.a conftest.o >&5
configure:4413: $? = 0
configure:4441: result: ar
configure:4502: checking build system type
configure:4516: result: x86_64-apple-darwin17.7.0
configure:4536: checking host system type
configure:4549: result: x86_64-apple-darwin17.7.0
configure:4590: checking how to print strings
configure:4617: result: printf
configure:4638: checking for a sed that does not truncate output
configure:4702: result: /usr/bin/sed
configure:4720: checking for grep that handles long lines and -e
configure:4778: result: /usr/bin/grep
configure:4783: checking for egrep
configure:4845: result: /usr/bin/grep -E
configure:4850: checking for fgrep
configure:4912: result: /usr/bin/grep -F
configure:4947: checking for ld used by gcc
configure:5014: result: /Applications/Xcode.app/Contents/Developer/Toolchains/XcodeDefault.xctoolchain/usr/bin/ld
configure:5021: checking if the linker (/Applications/Xcode.app/Contents/Developer/Toolchains/XcodeDefault.xctoolchain/usr/bin/ld) is GNU ld
configure:5036: result: no
configure:5048: checking for BSD- or MS-compatible name lister (nm)
configure:5102: result: /usr/bin/nm -B
configure:5232: checking the name lister (/usr/bin/nm -B) interface
configure:5239: gcc -c -g -O2  conftest.c >&5
configure:5242: /usr/bin/nm -B "conftest.o"
configure:5245: output
00000000000001e4 S _some_variable
configure:5252: result: BSD nm
configure:5255: checking whether ln -s works
configure:5259: result: yes
configure:5267: checking the maximum length of command line arguments
configure:5398: result: 196608
configure:5446: checking how to convert x86_64-apple-darwin17.7.0 file names to x86_64-apple-darwin17.7.0 format
configure:5486: result: func_convert_file_noop
configure:5493: checking how to convert x86_64-apple-darwin17.7.0 file names to toolchain format
configure:5513: result: func_convert_file_noop
configure:5520: checking for /Applications/Xcode.app/Contents/Developer/Toolchains/XcodeDefault.xctoolchain/usr/bin/ld option to reload object files
configure:5527: result: -r
configure:5601: checking for objdump
configure:5617: found /usr/bin/objdump
configure:5628: result: objdump
configure:5660: checking how to recognize dependent libraries
configure:5860: result: pass_all
configure:5945: checking for dlltool
configure:5975: result: no
configure:6005: checking how to associate runtime and link libraries
configure:6032: result: printf %s\n
configure:6156: checking for archiver @FILE support
configure:6173: gcc -c -g -O2  conftest.c >&5
configure:6173: $? = 0
configure:6176: ar cru libconftest.a @conftest.lst >&5
ar: @conftest.lst: No such file or directory
configure:6179: $? = 1
configure:6199: result: no
configure:6257: checking for strip
configure:6273: found /usr/bin/strip
configure:6284: result: strip
configure:6356: checking for ranlib
configure:6372: found /usr/bin/ranlib
configure:6383: result: ranlib
configure:6485: checking command to parse /usr/bin/nm -B output from gcc object
configure:6638: gcc -c -g -O2  conftest.c >&5
configure:6641: $? = 0
configure:6645: /usr/bin/nm -B conftest.o \| sed -n -e 's/^.*[ ]\([BCDEGRST][BCDEGRST]*\)[ ][ ]*\([_A-Za-z][_A-Za-z0-9]*\)$/\1 \2 \2/p' | sed '/ __gnu_lto/d' \> conftest.nm
configure:6648: $? = 0
cannot find nm_test_var in conftest.nm
configure:6638: gcc -c -g -O2  conftest.c >&5
configure:6641: $? = 0
configure:6645: /usr/bin/nm -B conftest.o \| sed -n -e 's/^.*[ ]\([BCDEGRST][BCDEGRST]*\)[ ][ ]*_\([_A-Za-z][_A-Za-z0-9]*\)$/\1 _\2 \2/p' | sed '/ __gnu_lto/d' \> conftest.nm
configure:6648: $? = 0
configure:6714: gcc -o conftest -g -O2   conftest.c conftstm.o >&5
warning: (x86_64)  could not find object file symbol for symbol _main
configure:6717: $? = 0
configure:6755: result: ok
configure:6802: checking for sysroot
configure:6832: result: no
configure:6839: checking for a working dd
configure:6877: result: /bin/dd
configure:6881: checking how to truncate binary pipes
configure:6896: result: /bin/dd bs=4096 count=1
configure:7225: checking for mt
configure:7255: result: no
configure:7275: checking if : is a manifest tool
configure:7281: : '-?'
configure:7289: result: no
configure:7345: checking for dsymutil
configure:7361: found /usr/bin/dsymutil
configure:7372: result: dsymutil
configure:7437: checking for nmedit
configure:7453: found /usr/bin/nmedit
configure:7464: result: nmedit
configure:7529: checking for lipo
configure:7545: found /usr/bin/lipo
configure:7556: result: lipo
configure:7621: checking for otool
configure:7637: found /usr/bin/otool
configure:7648: result: otool
configure:7713: checking for otool64
configure:7743: result: no
configure:7788: checking for -single_module linker flag
gcc -g -O2  -o libconftest.dylib -dynamiclib -Wl,-single_module conftest.c
configure:7821: result: yes
configure:7824: checking for -exported_symbols_list linker flag
configure:7844: gcc -o conftest -g -O2   -Wl,-exported_symbols_list,conftest.sym conftest.c  >&5
configure:7844: $? = 0
configure:7854: result: yes
configure:7857: checking for -force_load linker flag
gcc -g -O2 -c -o conftest.o conftest.c
ar cru libconftest.a conftest.o
ranlib libconftest.a
gcc -g -O2  -o conftest conftest.c -Wl,-force_load,./libconftest.a
configure:7889: result: yes
configure:7966: checking how to run the C preprocessor
configure:7997: gcc -E  conftest.c
configure:7997: $? = 0
configure:8011: gcc -E  conftest.c
conftest.c:11:10: fatal error: 'ac_nonexistent.h' file not found
#include <ac_nonexistent.h>
         ^~~~~~~~~~~~~~~~~~
1 error generated.
configure:8011: $? = 1
configure: failed program was:
| /* confdefs.h */
| #define PACKAGE_NAME "bmx"
| #define PACKAGE_TARNAME "bmx"
| #define PACKAGE_VERSION "0.1.3"
| #define PACKAGE_STRING "bmx 0.1.3"
| #define PACKAGE_BUGREPORT ""
| #define PACKAGE_URL ""
| #define PACKAGE "bmx"
| #define VERSION "0.1.3"
| /* end confdefs.h.  */
| #include <ac_nonexistent.h>
configure:8036: result: gcc -E
configure:8056: gcc -E  conftest.c
configure:8056: $? = 0
configure:8070: gcc -E  conftest.c
conftest.c:11:10: fatal error: 'ac_nonexistent.h' file not found
#include <ac_nonexistent.h>
         ^~~~~~~~~~~~~~~~~~
1 error generated.
configure:8070: $? = 1
configure: failed program was:
| /* confdefs.h */
| #define PACKAGE_NAME "bmx"
| #define PACKAGE_TARNAME "bmx"
| #define PACKAGE_VERSION "0.1.3"
| #define PACKAGE_STRING "bmx 0.1.3"
| #define PACKAGE_BUGREPORT ""
| #define PACKAGE_URL ""
| #define PACKAGE "bmx"
| #define VERSION "0.1.3"
| /* end confdefs.h.  */
| #include <ac_nonexistent.h>
configure:8099: checking for ANSI C header files
configure:8119: gcc -c -g -O2  conftest.c >&5
configure:8119: $? = 0
configure:8192: gcc -o conftest -g -O2   conftest.c  >&5
configure:8192: $? = 0
configure:8192: ./conftest
configure:8192: $? = 0
configure:8203: result: yes
configure:8216: checking for sys/types.h
configure:8216: gcc -c -g -O2  conftest.c >&5
configure:8216: $? = 0
configure:8216: result: yes
configure:8216: checking for sys/stat.h
configure:8216: gcc -c -g -O2  conftest.c >&5
configure:8216: $? = 0
configure:8216: result: yes
configure:8216: checking for stdlib.h
configure:8216: gcc -c -g -O2  conftest.c >&5
configure:8216: $? = 0
configure:8216: result: yes
configure:8216: checking for string.h
configure:8216: gcc -c -g -O2  conftest.c >&5
configure:8216: $? = 0
configure:8216: result: yes
configure:8216: checking for memory.h
configure:8216: gcc -c -g -O2  conftest.c >&5
configure:8216: $? = 0
configure:8216: result: yes
configure:8216: checking for strings.h
configure:8216: gcc -c -g -O2  conftest.c >&5
configure:8216: $? = 0
configure:8216: result: yes
configure:8216: checking for inttypes.h
configure:8216: gcc -c -g -O2  conftest.c >&5
configure:8216: $? = 0
configure:8216: result: yes
configure:8216: checking for stdint.h
configure:8216: gcc -c -g -O2  conftest.c >&5
configure:8216: $? = 0
configure:8216: result: yes
configure:8216: checking for unistd.h
configure:8216: gcc -c -g -O2  conftest.c >&5
configure:8216: $? = 0
configure:8216: result: yes
configure:8230: checking for dlfcn.h
configure:8230: gcc -c -g -O2  conftest.c >&5
configure:8230: $? = 0
configure:8230: result: yes
configure:8486: checking for objdir
configure:8501: result: .libs
configure:8765: checking if gcc supports -fno-rtti -fno-exceptions
configure:8783: gcc -c -g -O2  -fno-rtti -fno-exceptions conftest.c >&5
configure:8787: $? = 0
configure:8800: result: yes
configure:9158: checking for gcc option to produce PIC
configure:9165: result: -fno-common -DPIC
configure:9173: checking if gcc PIC flag -fno-common -DPIC works
configure:9191: gcc -c -g -O2  -fno-common -DPIC -DPIC conftest.c >&5
configure:9195: $? = 0
configure:9208: result: yes
configure:9237: checking if gcc static flag -static works
configure:9265: result: no
configure:9280: checking if gcc supports -c -o file.o
configure:9301: gcc -c -g -O2  -o out/conftest2.o conftest.c >&5
configure:9305: $? = 0
configure:9327: result: yes
configure:9335: checking if gcc supports -c -o file.o
configure:9382: result: yes
configure:9415: checking whether the gcc linker (/Applications/Xcode.app/Contents/Developer/Toolchains/XcodeDefault.xctoolchain/usr/bin/ld) supports shared libraries
configure:10678: result: yes
configure:10918: checking dynamic linker characteristics
configure:11748: result: darwin17.7.0 dyld
configure:11870: checking how to hardcode library paths into programs
configure:11895: result: immediate
configure:12443: checking whether stripping libraries is possible
configure:12457: result: yes
configure:12483: checking if libtool supports shared libraries
configure:12485: result: yes
configure:12488: checking whether to build shared libraries
configure:12513: result: yes
configure:12516: checking whether to build static libraries
configure:12520: result: yes
configure:12615: checking for g++
configure:12631: found /usr/bin/g++
configure:12642: result: g++
configure:12669: checking for C++ compiler version
configure:12678: g++ --version >&5
Apple LLVM version 10.0.0 (clang-1000.11.45.5)
Target: x86_64-apple-darwin17.7.0
Thread model: posix
InstalledDir: /Applications/Xcode.app/Contents/Developer/Toolchains/XcodeDefault.xctoolchain/usr/bin
Configured with: --prefix=/Applications/Xcode.app/Contents/Developer/usr --with-gxx-include-dir=/usr/include/c++/4.2.1
configure:12689: $? = 0
configure:12678: g++ -v >&5
Configured with: --prefix=/Applications/Xcode.app/Contents/Developer/usr --with-gxx-include-dir=/usr/include/c++/4.2.1
Apple LLVM version 10.0.0 (clang-1000.11.45.5)
Target: x86_64-apple-darwin17.7.0
Thread model: posix
InstalledDir: /Applications/Xcode.app/Contents/Developer/Toolchains/XcodeDefault.xctoolchain/usr/bin
configure:12689: $? = 0
configure:12678: g++ -V >&5
clang: error: argument to '-V' is missing (expected 1 value)
clang: error: no input files
configure:12689: $? = 1
configure:12678: g++ -qversion >&5
clang: error: unknown argument: '-qversion'
clang: error: no input files
configure:12689: $? = 1
configure:12693: checking whether we are using the GNU C++ compiler
configure:12712: g++ -c   conftest.cpp >&5
configure:12712: $? = 0
configure:12721: result: yes
configure:12730: checking whether g++ accepts -g
configure:12750: g++ -c -g  conftest.cpp >&5
configure:12750: $? = 0
configure:12791: result: yes
configure:12816: checking dependency style of g++
configure:12927: result: gcc3
configure:12960: checking how to run the C++ preprocessor
configure:12987: g++ -E  conftest.cpp
configure:12987: $? = 0
configure:13001: g++ -E  conftest.cpp
conftest.cpp:23:10: fatal error: 'ac_nonexistent.h' file not found
#include <ac_nonexistent.h>
         ^~~~~~~~~~~~~~~~~~
1 error generated.
configure:13001: $? = 1
configure: failed program was:
| /* confdefs.h */
| #define PACKAGE_NAME "bmx"
| #define PACKAGE_TARNAME "bmx"
| #define PACKAGE_VERSION "0.1.3"
| #define PACKAGE_STRING "bmx 0.1.3"
| #define PACKAGE_BUGREPORT ""
| #define PACKAGE_URL ""
| #define PACKAGE "bmx"
| #define VERSION "0.1.3"
| #define STDC_HEADERS 1
| #define HAVE_SYS_TYPES_H 1
| #define HAVE_SYS_STAT_H 1
| #define HAVE_STDLIB_H 1
| #define HAVE_STRING_H 1
| #define HAVE_MEMORY_H 1
| #define HAVE_STRINGS_H 1
| #define HAVE_INTTYPES_H 1
| #define HAVE_STDINT_H 1
| #define HAVE_UNISTD_H 1
| #define HAVE_DLFCN_H 1
| #define LT_OBJDIR ".libs/"
| /* end confdefs.h.  */
| #include <ac_nonexistent.h>
configure:13026: result: g++ -E
configure:13046: g++ -E  conftest.cpp
configure:13046: $? = 0
configure:13060: g++ -E  conftest.cpp
conftest.cpp:23:10: fatal error: 'ac_nonexistent.h' file not found
#include <ac_nonexistent.h>
         ^~~~~~~~~~~~~~~~~~
1 error generated.
configure:13060: $? = 1
configure: failed program was:
| /* confdefs.h */
| #define PACKAGE_NAME "bmx"
| #define PACKAGE_TARNAME "bmx"
| #define PACKAGE_VERSION "0.1.3"
| #define PACKAGE_STRING "bmx 0.1.3"
| #define PACKAGE_BUGREPORT ""
| #define PACKAGE_URL ""
| #define PACKAGE "bmx"
| #define VERSION "0.1.3"
| #define STDC_HEADERS 1
| #define HAVE_SYS_TYPES_H 1
| #define HAVE_SYS_STAT_H 1
| #define HAVE_STDLIB_H 1
| #define HAVE_STRING_H 1
| #define HAVE_MEMORY_H 1
| #define HAVE_STRINGS_H 1
| #define HAVE_INTTYPES_H 1
| #define HAVE_STDINT_H 1
| #define HAVE_UNISTD_H 1
| #define HAVE_DLFCN_H 1
| #define LT_OBJDIR ".libs/"
| /* end confdefs.h.  */
| #include <ac_nonexistent.h>
configure:13222: checking for ld used by g++
configure:13289: result: /Applications/Xcode.app/Contents/Developer/Toolchains/XcodeDefault.xctoolchain/usr/bin/ld
configure:13296: checking if the linker (/Applications/Xcode.app/Contents/Developer/Toolchains/XcodeDefault.xctoolchain/usr/bin/ld) is GNU ld
configure:13311: result: no
configure:13366: checking whether the g++ linker (/Applications/Xcode.app/Contents/Developer/Toolchains/XcodeDefault.xctoolchain/usr/bin/ld) supports shared libraries
configure:14439: result: yes
configure:14475: g++ -c -g -O2  conftest.cpp >&5
configure:14478: $? = 0
configure:14959: checking for g++ option to produce PIC
configure:14966: result: -fno-common -DPIC
configure:14974: checking if g++ PIC flag -fno-common -DPIC works
configure:14992: g++ -c -g -O2  -fno-common -DPIC -DPIC conftest.cpp >&5
configure:14996: $? = 0
configure:15009: result: yes
configure:15032: checking if g++ static flag -static works
configure:15060: result: no
configure:15072: checking if g++ supports -c -o file.o
configure:15093: g++ -c -g -O2  -o out/conftest2.o conftest.cpp >&5
configure:15097: $? = 0
configure:15119: result: yes
configure:15124: checking if g++ supports -c -o file.o
configure:15171: result: yes
configure:15201: checking whether the g++ linker (/Applications/Xcode.app/Contents/Developer/Toolchains/XcodeDefault.xctoolchain/usr/bin/ld) supports shared libraries
configure:15244: result: yes
configure:15385: checking dynamic linker characteristics
configure:16142: result: darwin17.7.0 dyld
configure:16207: checking how to hardcode library paths into programs
configure:16232: result: immediate
configure:16320: checking for gcc
configure:16347: result: gcc
configure:16576: checking for C compiler version
configure:16585: gcc --version >&5
Apple LLVM version 10.0.0 (clang-1000.11.45.5)
Target: x86_64-apple-darwin17.7.0
Thread model: posix
InstalledDir: /Applications/Xcode.app/Contents/Developer/Toolchains/XcodeDefault.xctoolchain/usr/bin
Configured with: --prefix=/Applications/Xcode.app/Contents/Developer/usr --with-gxx-include-dir=/usr/include/c++/4.2.1
configure:16596: $? = 0
configure:16585: gcc -v >&5
Configured with: --prefix=/Applications/Xcode.app/Contents/Developer/usr --with-gxx-include-dir=/usr/include/c++/4.2.1
Apple LLVM version 10.0.0 (clang-1000.11.45.5)
Target: x86_64-apple-darwin17.7.0
Thread model: posix
InstalledDir: /Applications/Xcode.app/Contents/Developer/Toolchains/XcodeDefault.xctoolchain/usr/bin
configure:16596: $? = 0
configure:16585: gcc -V >&5
clang: error: argument to '-V' is missing (expected 1 value)
clang: error: no input files
configure:16596: $? = 1
configure:16585: gcc -qversion >&5
clang: error: unknown argument: '-qversion'
clang: error: no input files
configure:16596: $? = 1
configure:16600: checking whether we are using the GNU C compiler
configure:16628: result: yes
configure:16637: checking whether gcc accepts -g
configure:16698: result: yes
configure:16715: checking for gcc option to accept ISO C89
configure:16791: result: none needed
configure:16816: checking whether gcc understands -c and -o together
configure:16853: result: yes
configure:16872: checking dependency style of gcc
configure:16983: result: gcc3
configure:17007: checking for clock_gettime in -lrt
configure:17032: gcc -o conftest -g -O2   conftest.c -lrt   >&5
ld: library not found for -lrt
clang: error: linker command failed with exit code 1 (use -v to see invocation)
configure:17032: $? = 1
configure: failed program was:
| /* confdefs.h */
| #define PACKAGE_NAME "bmx"
| #define PACKAGE_TARNAME "bmx"
| #define PACKAGE_VERSION "0.1.3"
| #define PACKAGE_STRING "bmx 0.1.3"
| #define PACKAGE_BUGREPORT ""
| #define PACKAGE_URL ""
| #define PACKAGE "bmx"
| #define VERSION "0.1.3"
| #define STDC_HEADERS 1
| #define HAVE_SYS_TYPES_H 1
| #define HAVE_SYS_STAT_H 1
| #define HAVE_STDLIB_H 1
| #define HAVE_STRING_H 1
| #define HAVE_MEMORY_H 1
| #define HAVE_STRINGS_H 1
| #define HAVE_INTTYPES_H 1
| #define HAVE_STDINT_H 1
| #define HAVE_UNISTD_H 1
| #define HAVE_DLFCN_H 1
| #define LT_OBJDIR ".libs/"
| /* end confdefs.h.  */
| 
| /* Override any GCC internal prototype to avoid an error.
|    Use char because int might match the return type of a GCC
|    builtin and then its argument prototype would still apply.  */
| #ifdef __cplusplus
| extern "C"
| #endif
| char clock_gettime ();
| int
| main ()
| {
| return clock_gettime ();
|   ;
|   return 0;
| }
configure:17041: result: no
configure:17115: checking for uriParseUriA in -luriparser
configure:17140: gcc -o conftest -g -O2   conftest.c -luriparser   >&5
configure:17140: $? = 0
configure:17149: result: yes
configure:17187: gcc -c -g -O2  conftest.c >&5
configure:17187: $? = 0
configure:17195: checking for XML_GetFeatureList in -lexpat
configure:17220: gcc -o conftest -g -O2   conftest.c -lexpat  -luriparser  >&5
configure:17220: $? = 0
configure:17229: result: yes
configure:17239: checking expat.h usability
configure:17239: gcc -c -g -O2  conftest.c >&5
configure:17239: $? = 0
configure:17239: result: yes
configure:17239: checking expat.h presence
configure:17239: gcc -E  conftest.c
configure:17239: $? = 0
configure:17239: result: yes
configure:17239: checking for expat.h
configure:17239: result: yes
configure:17318: checking for pkg-config
configure:17336: found /usr/local/bin/pkg-config
configure:17348: result: /usr/local/bin/pkg-config
configure:17373: checking pkg-config is at least version 0.9.0
configure:17376: result: yes
configure:17386: checking for LIBMXF
configure:17393: $PKG_CONFIG --exists --print-errors "libMXF-${LIBMXF_MAJORMINOR} >= 1.0.3"
configure:17396: $? = 0
configure:17410: $PKG_CONFIG --exists --print-errors "libMXF-${LIBMXF_MAJORMINOR} >= 1.0.3"
configure:17413: $? = 0
configure:17471: result: yes
configure:17480: checking for LIBMXFPP
configure:17487: $PKG_CONFIG --exists --print-errors "libMXF++-${LIBMXFPP_MAJORMINOR} >= 1.0.3"
configure:17490: $? = 0
configure:17504: $PKG_CONFIG --exists --print-errors "libMXF++-${LIBMXFPP_MAJORMINOR} >= 1.0.3"
configure:17507: $? = 0
configure:17565: result: yes
configure:17584: checking for LIBCURL
configure:17591: $PKG_CONFIG --exists --print-errors "libcurl >= $LIBCURL_VER"
configure:17594: $? = 0
configure:17608: $PKG_CONFIG --exists --print-errors "libcurl >= $LIBCURL_VER"
configure:17611: $? = 0
configure:17649: result: yes
configure:17735: checking for inttypes.h
configure:17735: result: yes
configure:17735: checking sys/time.h usability
configure:17735: gcc -c -g -O2  conftest.c >&5
configure:17735: $? = 0
configure:17735: result: yes
configure:17735: checking sys/time.h presence
configure:17735: gcc -E  conftest.c
configure:17735: $? = 0
configure:17735: result: yes
configure:17735: checking for sys/time.h
configure:17735: result: yes
configure:17735: checking sys/timeb.h usability
configure:17735: gcc -c -g -O2  conftest.c >&5
configure:17735: $? = 0
configure:17735: result: yes
configure:17735: checking sys/timeb.h presence
configure:17735: gcc -E  conftest.c
configure:17735: $? = 0
configure:17735: result: yes
configure:17735: checking for sys/timeb.h
configure:17735: result: yes
configure:17735: checking for unistd.h
configure:17735: result: yes
configure:17748: checking for stdbool.h that conforms to C99
configure:17815: gcc -c -g -O2  conftest.c >&5
conftest.c:79:24: warning: address of 's' will always evaluate to 'true' [-Wpointer-bool-conversion]
             bool e = &s;
                  ~    ^
conftest.c:83:23: warning: address of array 'a' will always evaluate to 'true' [-Wpointer-bool-conversion]
             return (!a + !b + !c + !d + !e + !f + !g + !h + !i + !!j + !k + !!l
                     ~^
conftest.c:83:28: warning: address of array 'b' will always evaluate to 'true' [-Wpointer-bool-conversion]
             return (!a + !b + !c + !d + !e + !f + !g + !h + !i + !!j + !k + !!l
                          ~^
conftest.c:83:33: warning: address of array 'c' will always evaluate to 'true' [-Wpointer-bool-conversion]
             return (!a + !b + !c + !d + !e + !f + !g + !h + !i + !!j + !k + !!l
                               ~^
conftest.c:83:38: warning: address of array 'd' will always evaluate to 'true' [-Wpointer-bool-conversion]
             return (!a + !b + !c + !d + !e + !f + !g + !h + !i + !!j + !k + !!l
                                    ~^
conftest.c:83:48: warning: address of array 'f' will always evaluate to 'true' [-Wpointer-bool-conversion]
             return (!a + !b + !c + !d + !e + !f + !g + !h + !i + !!j + !k + !!l
                                              ~^
conftest.c:83:53: warning: address of array 'g' will always evaluate to 'true' [-Wpointer-bool-conversion]
             return (!a + !b + !c + !d + !e + !f + !g + !h + !i + !!j + !k + !!l
                                                   ~^
conftest.c:83:58: warning: address of array 'h' will always evaluate to 'true' [-Wpointer-bool-conversion]
             return (!a + !b + !c + !d + !e + !f + !g + !h + !i + !!j + !k + !!l
                                                        ~^
conftest.c:83:63: warning: address of array 'i' will always evaluate to 'true' [-Wpointer-bool-conversion]
             return (!a + !b + !c + !d + !e + !f + !g + !h + !i + !!j + !k + !!l
                                                             ~^
conftest.c:84:30: warning: address of array 'n' will always evaluate to 'true' [-Wpointer-bool-conversion]
                            ~^
conftest.c:84:35: warning: address of array 'o' will always evaluate to 'true' [-Wpointer-bool-conversion]
                                 ~^
conftest.c:84:40: warning: address of array 'p' will always evaluate to 'true' [-Wpointer-bool-conversion]
                                      ~^
12 warnings generated.
configure:17815: $? = 0
configure:17822: result: yes
configure:17824: checking for _Bool
configure:17824: gcc -c -g -O2  conftest.c >&5
configure:17824: $? = 0
configure:17824: gcc -c -g -O2  conftest.c >&5
conftest.c:66:20: error: expected expression
if (sizeof ((_Bool)))
                   ^
1 error generated.
configure:17824: $? = 1
configure: failed program was:
| /* confdefs.h */
| #define PACKAGE_NAME "bmx"
| #define PACKAGE_TARNAME "bmx"
| #define PACKAGE_VERSION "0.1.3"
| #define PACKAGE_STRING "bmx 0.1.3"
| #define PACKAGE_BUGREPORT ""
| #define PACKAGE_URL ""
| #define PACKAGE "bmx"
| #define VERSION "0.1.3"
| #define STDC_HEADERS 1
| #define HAVE_SYS_TYPES_H 1
| #define HAVE_SYS_STAT_H 1
| #define HAVE_STDLIB_H 1
| #define HAVE_STRING_H 1
| #define HAVE_MEMORY_H 1
| #define HAVE_STRINGS_H 1
| #define HAVE_INTTYPES_H 1
| #define HAVE_STDINT_H 1
| #define HAVE_UNISTD_H 1
| #define HAVE_DLFCN_H 1
| #define LT_OBJDIR ".libs/"
| #define HAVE_LIBURIPARSER 1
| #define HAVE_EXPAT_H 1
| #define HAVE_LIBCURL 1
| #define HAVE_INTTYPES_H 1
| #define HAVE_SYS_TIME_H 1
| #define HAVE_SYS_TIMEB_H 1
| #define HAVE_UNISTD_H 1
| /* end confdefs.h.  */
| #include <stdio.h>
| #ifdef HAVE_SYS_TYPES_H
| # include <sys/types.h>
| #endif
| #ifdef HAVE_SYS_STAT_H
| # include <sys/stat.h>
| #endif
| #ifdef STDC_HEADERS
| # include <stdlib.h>
| # include <stddef.h>
| #else
| # ifdef HAVE_STDLIB_H
| #  include <stdlib.h>
| # endif
| #endif
| #ifdef HAVE_STRING_H
| # if !defined STDC_HEADERS && defined HAVE_MEMORY_H
| #  include <memory.h>
| # endif
| # include <string.h>
| #endif
| #ifdef HAVE_STRINGS_H
| # include <strings.h>
| #endif
| #ifdef HAVE_INTTYPES_H
| # include <inttypes.h>
| #endif
| #ifdef HAVE_STDINT_H
| # include <stdint.h>
| #endif
| #ifdef HAVE_UNISTD_H
| # include <unistd.h>
| #endif
| int
| main ()
| {
| if (sizeof ((_Bool)))
| 	    return 0;
|   ;
|   return 0;
| }
configure:17824: result: yes
configure:17841: checking for int16_t
configure:17841: gcc -c -g -O2  conftest.c >&5
configure:17841: $? = 0
configure:17841: gcc -c -g -O2  conftest.c >&5
conftest.c:69:24: error: 'test_array' declared as an array with a negative size
static int test_array [1 - 2 * !((int16_t) (((((int16_t) 1 << N) << N) - 1) * 2 + 1)
                       ^~~~~~~~~~~~~~~~~~~~~~~~~~~~~~~~~~~~~~~~~~~~~~~~~~~~~~~~~~~~~
1 error generated.
configure:17841: $? = 1
configure: failed program was:
| /* confdefs.h */
| #define PACKAGE_NAME "bmx"
| #define PACKAGE_TARNAME "bmx"
| #define PACKAGE_VERSION "0.1.3"
| #define PACKAGE_STRING "bmx 0.1.3"
| #define PACKAGE_BUGREPORT ""
| #define PACKAGE_URL ""
| #define PACKAGE "bmx"
| #define VERSION "0.1.3"
| #define STDC_HEADERS 1
| #define HAVE_SYS_TYPES_H 1
| #define HAVE_SYS_STAT_H 1
| #define HAVE_STDLIB_H 1
| #define HAVE_STRING_H 1
| #define HAVE_MEMORY_H 1
| #define HAVE_STRINGS_H 1
| #define HAVE_INTTYPES_H 1
| #define HAVE_STDINT_H 1
| #define HAVE_UNISTD_H 1
| #define HAVE_DLFCN_H 1
| #define LT_OBJDIR ".libs/"
| #define HAVE_LIBURIPARSER 1
| #define HAVE_EXPAT_H 1
| #define HAVE_LIBCURL 1
| #define HAVE_INTTYPES_H 1
| #define HAVE_SYS_TIME_H 1
| #define HAVE_SYS_TIMEB_H 1
| #define HAVE_UNISTD_H 1
| #define HAVE__BOOL 1
| #define HAVE_STDBOOL_H 1
| /* end confdefs.h.  */
| #include <stdio.h>
| #ifdef HAVE_SYS_TYPES_H
| # include <sys/types.h>
| #endif
| #ifdef HAVE_SYS_STAT_H
| # include <sys/stat.h>
| #endif
| #ifdef STDC_HEADERS
| # include <stdlib.h>
| # include <stddef.h>
| #else
| # ifdef HAVE_STDLIB_H
| #  include <stdlib.h>
| # endif
| #endif
| #ifdef HAVE_STRING_H
| # if !defined STDC_HEADERS && defined HAVE_MEMORY_H
| #  include <memory.h>
| # endif
| # include <string.h>
| #endif
| #ifdef HAVE_STRINGS_H
| # include <strings.h>
| #endif
| #ifdef HAVE_INTTYPES_H
| # include <inttypes.h>
| #endif
| #ifdef HAVE_STDINT_H
| # include <stdint.h>
| #endif
| #ifdef HAVE_UNISTD_H
| # include <unistd.h>
| #endif
| 	        enum { N = 16 / 2 - 1 };
| int
| main ()
| {
| static int test_array [1 - 2 * !((int16_t) (((((int16_t) 1 << N) << N) - 1) * 2 + 1)
| 		 < (int16_t) (((((int16_t) 1 << N) << N) - 1) * 2 + 2))];
| test_array [0] = 0;
| return test_array [0];
| 
|   ;
|   return 0;
| }
configure:17841: result: yes
configure:17852: checking for int32_t
configure:17852: gcc -c -g -O2  conftest.c >&5
configure:17852: $? = 0
configure:17852: gcc -c -g -O2  conftest.c >&5
conftest.c:69:24: error: 'test_array' declared as an array with a negative size
static int test_array [1 - 2 * !((int32_t) (((((int32_t) 1 << N) << N) - 1) * 2 + 1)
                       ^~~~~~~~~~~~~~~~~~~~~~~~~~~~~~~~~~~~~~~~~~~~~~~~~~~~~~~~~~~~~
1 error generated.
configure:17852: $? = 1
configure: failed program was:
| /* confdefs.h */
| #define PACKAGE_NAME "bmx"
| #define PACKAGE_TARNAME "bmx"
| #define PACKAGE_VERSION "0.1.3"
| #define PACKAGE_STRING "bmx 0.1.3"
| #define PACKAGE_BUGREPORT ""
| #define PACKAGE_URL ""
| #define PACKAGE "bmx"
| #define VERSION "0.1.3"
| #define STDC_HEADERS 1
| #define HAVE_SYS_TYPES_H 1
| #define HAVE_SYS_STAT_H 1
| #define HAVE_STDLIB_H 1
| #define HAVE_STRING_H 1
| #define HAVE_MEMORY_H 1
| #define HAVE_STRINGS_H 1
| #define HAVE_INTTYPES_H 1
| #define HAVE_STDINT_H 1
| #define HAVE_UNISTD_H 1
| #define HAVE_DLFCN_H 1
| #define LT_OBJDIR ".libs/"
| #define HAVE_LIBURIPARSER 1
| #define HAVE_EXPAT_H 1
| #define HAVE_LIBCURL 1
| #define HAVE_INTTYPES_H 1
| #define HAVE_SYS_TIME_H 1
| #define HAVE_SYS_TIMEB_H 1
| #define HAVE_UNISTD_H 1
| #define HAVE__BOOL 1
| #define HAVE_STDBOOL_H 1
| /* end confdefs.h.  */
| #include <stdio.h>
| #ifdef HAVE_SYS_TYPES_H
| # include <sys/types.h>
| #endif
| #ifdef HAVE_SYS_STAT_H
| # include <sys/stat.h>
| #endif
| #ifdef STDC_HEADERS
| # include <stdlib.h>
| # include <stddef.h>
| #else
| # ifdef HAVE_STDLIB_H
| #  include <stdlib.h>
| # endif
| #endif
| #ifdef HAVE_STRING_H
| # if !defined STDC_HEADERS && defined HAVE_MEMORY_H
| #  include <memory.h>
| # endif
| # include <string.h>
| #endif
| #ifdef HAVE_STRINGS_H
| # include <strings.h>
| #endif
| #ifdef HAVE_INTTYPES_H
| # include <inttypes.h>
| #endif
| #ifdef HAVE_STDINT_H
| # include <stdint.h>
| #endif
| #ifdef HAVE_UNISTD_H
| # include <unistd.h>
| #endif
| 	        enum { N = 32 / 2 - 1 };
| int
| main ()
| {
| static int test_array [1 - 2 * !((int32_t) (((((int32_t) 1 << N) << N) - 1) * 2 + 1)
| 		 < (int32_t) (((((int32_t) 1 << N) << N) - 1) * 2 + 2))];
| test_array [0] = 0;
| return test_array [0];
| 
|   ;
|   return 0;
| }
configure:17852: result: yes
configure:17863: checking for int64_t
configure:17863: gcc -c -g -O2  conftest.c >&5
configure:17863: $? = 0
configure:17863: gcc -c -g -O2  conftest.c >&5
conftest.c:69:24: error: 'test_array' declared as an array with a negative size
static int test_array [1 - 2 * !((int64_t) (((((int64_t) 1 << N) << N) - 1) * 2 + 1)
                       ^~~~~~~~~~~~~~~~~~~~~~~~~~~~~~~~~~~~~~~~~~~~~~~~~~~~~~~~~~~~~
1 error generated.
configure:17863: $? = 1
configure: failed program was:
| /* confdefs.h */
| #define PACKAGE_NAME "bmx"
| #define PACKAGE_TARNAME "bmx"
| #define PACKAGE_VERSION "0.1.3"
| #define PACKAGE_STRING "bmx 0.1.3"
| #define PACKAGE_BUGREPORT ""
| #define PACKAGE_URL ""
| #define PACKAGE "bmx"
| #define VERSION "0.1.3"
| #define STDC_HEADERS 1
| #define HAVE_SYS_TYPES_H 1
| #define HAVE_SYS_STAT_H 1
| #define HAVE_STDLIB_H 1
| #define HAVE_STRING_H 1
| #define HAVE_MEMORY_H 1
| #define HAVE_STRINGS_H 1
| #define HAVE_INTTYPES_H 1
| #define HAVE_STDINT_H 1
| #define HAVE_UNISTD_H 1
| #define HAVE_DLFCN_H 1
| #define LT_OBJDIR ".libs/"
| #define HAVE_LIBURIPARSER 1
| #define HAVE_EXPAT_H 1
| #define HAVE_LIBCURL 1
| #define HAVE_INTTYPES_H 1
| #define HAVE_SYS_TIME_H 1
| #define HAVE_SYS_TIMEB_H 1
| #define HAVE_UNISTD_H 1
| #define HAVE__BOOL 1
| #define HAVE_STDBOOL_H 1
| /* end confdefs.h.  */
| #include <stdio.h>
| #ifdef HAVE_SYS_TYPES_H
| # include <sys/types.h>
| #endif
| #ifdef HAVE_SYS_STAT_H
| # include <sys/stat.h>
| #endif
| #ifdef STDC_HEADERS
| # include <stdlib.h>
| # include <stddef.h>
| #else
| # ifdef HAVE_STDLIB_H
| #  include <stdlib.h>
| # endif
| #endif
| #ifdef HAVE_STRING_H
| # if !defined STDC_HEADERS && defined HAVE_MEMORY_H
| #  include <memory.h>
| # endif
| # include <string.h>
| #endif
| #ifdef HAVE_STRINGS_H
| # include <strings.h>
| #endif
| #ifdef HAVE_INTTYPES_H
| # include <inttypes.h>
| #endif
| #ifdef HAVE_STDINT_H
| # include <stdint.h>
| #endif
| #ifdef HAVE_UNISTD_H
| # include <unistd.h>
| #endif
| 	        enum { N = 64 / 2 - 1 };
| int
| main ()
| {
| static int test_array [1 - 2 * !((int64_t) (((((int64_t) 1 << N) << N) - 1) * 2 + 1)
| 		 < (int64_t) (((((int64_t) 1 << N) << N) - 1) * 2 + 2))];
| test_array [0] = 0;
| return test_array [0];
| 
|   ;
|   return 0;
| }
configure:17863: result: yes
configure:17874: checking for int8_t
configure:17874: gcc -c -g -O2  conftest.c >&5
configure:17874: $? = 0
configure:17874: gcc -c -g -O2  conftest.c >&5
conftest.c:69:24: error: 'test_array' declared as an array with a negative size
static int test_array [1 - 2 * !((int8_t) (((((int8_t) 1 << N) << N) - 1) * 2 + 1)
                       ^~~~~~~~~~~~~~~~~~~~~~~~~~~~~~~~~~~~~~~~~~~~~~~~~~~~~~~~~~~
1 error generated.
configure:17874: $? = 1
configure: failed program was:
| /* confdefs.h */
| #define PACKAGE_NAME "bmx"
| #define PACKAGE_TARNAME "bmx"
| #define PACKAGE_VERSION "0.1.3"
| #define PACKAGE_STRING "bmx 0.1.3"
| #define PACKAGE_BUGREPORT ""
| #define PACKAGE_URL ""
| #define PACKAGE "bmx"
| #define VERSION "0.1.3"
| #define STDC_HEADERS 1
| #define HAVE_SYS_TYPES_H 1
| #define HAVE_SYS_STAT_H 1
| #define HAVE_STDLIB_H 1
| #define HAVE_STRING_H 1
| #define HAVE_MEMORY_H 1
| #define HAVE_STRINGS_H 1
| #define HAVE_INTTYPES_H 1
| #define HAVE_STDINT_H 1
| #define HAVE_UNISTD_H 1
| #define HAVE_DLFCN_H 1
| #define LT_OBJDIR ".libs/"
| #define HAVE_LIBURIPARSER 1
| #define HAVE_EXPAT_H 1
| #define HAVE_LIBCURL 1
| #define HAVE_INTTYPES_H 1
| #define HAVE_SYS_TIME_H 1
| #define HAVE_SYS_TIMEB_H 1
| #define HAVE_UNISTD_H 1
| #define HAVE__BOOL 1
| #define HAVE_STDBOOL_H 1
| /* end confdefs.h.  */
| #include <stdio.h>
| #ifdef HAVE_SYS_TYPES_H
| # include <sys/types.h>
| #endif
| #ifdef HAVE_SYS_STAT_H
| # include <sys/stat.h>
| #endif
| #ifdef STDC_HEADERS
| # include <stdlib.h>
| # include <stddef.h>
| #else
| # ifdef HAVE_STDLIB_H
| #  include <stdlib.h>
| # endif
| #endif
| #ifdef HAVE_STRING_H
| # if !defined STDC_HEADERS && defined HAVE_MEMORY_H
| #  include <memory.h>
| # endif
| # include <string.h>
| #endif
| #ifdef HAVE_STRINGS_H
| # include <strings.h>
| #endif
| #ifdef HAVE_INTTYPES_H
| # include <inttypes.h>
| #endif
| #ifdef HAVE_STDINT_H
| # include <stdint.h>
| #endif
| #ifdef HAVE_UNISTD_H
| # include <unistd.h>
| #endif
| 	        enum { N = 8 / 2 - 1 };
| int
| main ()
| {
| static int test_array [1 - 2 * !((int8_t) (((((int8_t) 1 << N) << N) - 1) * 2 + 1)
| 		 < (int8_t) (((((int8_t) 1 << N) << N) - 1) * 2 + 2))];
| test_array [0] = 0;
| return test_array [0];
| 
|   ;
|   return 0;
| }
configure:17874: result: yes
configure:17885: checking for size_t
configure:17885: gcc -c -g -O2  conftest.c >&5
configure:17885: $? = 0
configure:17885: gcc -c -g -O2  conftest.c >&5
conftest.c:68:21: error: expected expression
if (sizeof ((size_t)))
                    ^
1 error generated.
configure:17885: $? = 1
configure: failed program was:
| /* confdefs.h */
| #define PACKAGE_NAME "bmx"
| #define PACKAGE_TARNAME "bmx"
| #define PACKAGE_VERSION "0.1.3"
| #define PACKAGE_STRING "bmx 0.1.3"
| #define PACKAGE_BUGREPORT ""
| #define PACKAGE_URL ""
| #define PACKAGE "bmx"
| #define VERSION "0.1.3"
| #define STDC_HEADERS 1
| #define HAVE_SYS_TYPES_H 1
| #define HAVE_SYS_STAT_H 1
| #define HAVE_STDLIB_H 1
| #define HAVE_STRING_H 1
| #define HAVE_MEMORY_H 1
| #define HAVE_STRINGS_H 1
| #define HAVE_INTTYPES_H 1
| #define HAVE_STDINT_H 1
| #define HAVE_UNISTD_H 1
| #define HAVE_DLFCN_H 1
| #define LT_OBJDIR ".libs/"
| #define HAVE_LIBURIPARSER 1
| #define HAVE_EXPAT_H 1
| #define HAVE_LIBCURL 1
| #define HAVE_INTTYPES_H 1
| #define HAVE_SYS_TIME_H 1
| #define HAVE_SYS_TIMEB_H 1
| #define HAVE_UNISTD_H 1
| #define HAVE__BOOL 1
| #define HAVE_STDBOOL_H 1
| /* end confdefs.h.  */
| #include <stdio.h>
| #ifdef HAVE_SYS_TYPES_H
| # include <sys/types.h>
| #endif
| #ifdef HAVE_SYS_STAT_H
| # include <sys/stat.h>
| #endif
| #ifdef STDC_HEADERS
| # include <stdlib.h>
| # include <stddef.h>
| #else
| # ifdef HAVE_STDLIB_H
| #  include <stdlib.h>
| # endif
| #endif
| #ifdef HAVE_STRING_H
| # if !defined STDC_HEADERS && defined HAVE_MEMORY_H
| #  include <memory.h>
| # endif
| # include <string.h>
| #endif
| #ifdef HAVE_STRINGS_H
| # include <strings.h>
| #endif
| #ifdef HAVE_INTTYPES_H
| # include <inttypes.h>
| #endif
| #ifdef HAVE_STDINT_H
| # include <stdint.h>
| #endif
| #ifdef HAVE_UNISTD_H
| # include <unistd.h>
| #endif
| int
| main ()
| {
| if (sizeof ((size_t)))
| 	    return 0;
|   ;
|   return 0;
| }
configure:17885: result: yes
configure:17896: checking for uint16_t
configure:17896: gcc -c -g -O2  conftest.c >&5
configure:17896: $? = 0
configure:17896: result: yes
configure:17908: checking for uint32_t
configure:17908: gcc -c -g -O2  conftest.c >&5
configure:17908: $? = 0
configure:17908: result: yes
configure:17922: checking for uint64_t
configure:17922: gcc -c -g -O2  conftest.c >&5
configure:17922: $? = 0
configure:17922: result: yes
configure:17936: checking for uint8_t
configure:17936: gcc -c -g -O2  conftest.c >&5
configure:17936: $? = 0
configure:17936: result: yes
configure:17970: checking for special C compiler options needed for large files
configure:18015: result: no
configure:18021: checking for _FILE_OFFSET_BITS value needed for large files
configure:18046: gcc -c -g -O2  conftest.c >&5
configure:18046: $? = 0
configure:18078: result: no
configure:18163: checking for _LARGEFILE_SOURCE value needed for large files
configure:18182: gcc -o conftest -g -O2   conftest.c -luriparser  >&5
configure:18182: $? = 0
configure:18210: result: no
configure:18236: checking for getcwd
configure:18236: gcc -o conftest -g -O2   conftest.c -luriparser  >&5
configure:18236: $? = 0
configure:18236: result: yes
configure:18236: checking for gettimeofday
configure:18236: gcc -o conftest -g -O2   conftest.c -luriparser  >&5
configure:18236: $? = 0
configure:18236: result: yes
configure:18236: checking for memmove
configure:18236: gcc -o conftest -g -O2   conftest.c -luriparser  >&5
conftest.c:59:6: warning: incompatible redeclaration of library function 'memmove' [-Wincompatible-library-redeclaration]
char memmove ();
     ^
conftest.c:59:6: note: 'memmove' is a builtin with type 'void *(void *, const void *, unsigned long)'
1 warning generated.
configure:18236: $? = 0
configure:18236: result: yes
configure:18236: checking for memset
configure:18236: gcc -o conftest -g -O2   conftest.c -luriparser  >&5
conftest.c:60:6: warning: incompatible redeclaration of library function 'memset' [-Wincompatible-library-redeclaration]
char memset ();
     ^
conftest.c:60:6: note: 'memset' is a builtin with type 'void *(void *, int, unsigned long)'
1 warning generated.
configure:18236: $? = 0
configure:18236: result: yes
configure:18236: checking for mkdir
configure:18236: gcc -o conftest -g -O2   conftest.c -luriparser  >&5
configure:18236: $? = 0
configure:18236: result: yes
configure:18236: checking for strerror
configure:18236: gcc -o conftest -g -O2   conftest.c -luriparser  >&5
conftest.c:62:6: warning: incompatible redeclaration of library function 'strerror' [-Wincompatible-library-redeclaration]
char strerror ();
     ^
conftest.c:62:6: note: 'strerror' is a builtin with type 'char *(int)'
1 warning generated.
configure:18236: $? = 0
configure:18236: result: yes
configure:18236: checking for strerror_r
configure:18236: gcc -o conftest -g -O2   conftest.c -luriparser  >&5
configure:18236: $? = 0
configure:18236: result: yes
configure:18236: checking for nanosleep
configure:18236: gcc -o conftest -g -O2   conftest.c -luriparser  >&5
configure:18236: $? = 0
configure:18236: result: yes
configure:18236: checking for gmtime_r
configure:18236: gcc -o conftest -g -O2   conftest.c -luriparser  >&5
configure:18236: $? = 0
configure:18236: result: yes
configure:18250: checking whether gcc supports -W -Wall
configure:18265: gcc -o conftest -Werror -W -Wall   conftest.c -luriparser  >&5
configure:18265: $? = 0
configure:18273: result: yes
configure:18298: checking whether gcc supports -Wl,--no-undefined
configure:18313: gcc -o conftest -g -O2  -Wl,--no-undefined conftest.c -luriparser  >&5
ld: unknown option: --no-undefined
clang: error: linker command failed with exit code 1 (use -v to see invocation)
configure:18313: $? = 1
configure: failed program was:
| /* confdefs.h */
| #define PACKAGE_NAME "bmx"
| #define PACKAGE_TARNAME "bmx"
| #define PACKAGE_VERSION "0.1.3"
| #define PACKAGE_STRING "bmx 0.1.3"
| #define PACKAGE_BUGREPORT ""
| #define PACKAGE_URL ""
| #define PACKAGE "bmx"
| #define VERSION "0.1.3"
| #define STDC_HEADERS 1
| #define HAVE_SYS_TYPES_H 1
| #define HAVE_SYS_STAT_H 1
| #define HAVE_STDLIB_H 1
| #define HAVE_STRING_H 1
| #define HAVE_MEMORY_H 1
| #define HAVE_STRINGS_H 1
| #define HAVE_INTTYPES_H 1
| #define HAVE_STDINT_H 1
| #define HAVE_UNISTD_H 1
| #define HAVE_DLFCN_H 1
| #define LT_OBJDIR ".libs/"
| #define HAVE_LIBURIPARSER 1
| #define HAVE_EXPAT_H 1
| #define HAVE_LIBCURL 1
| #define HAVE_INTTYPES_H 1
| #define HAVE_SYS_TIME_H 1
| #define HAVE_SYS_TIMEB_H 1
| #define HAVE_UNISTD_H 1
| #define HAVE__BOOL 1
| #define HAVE_STDBOOL_H 1
| #define PRIszt "zu"
| #define HAVE_FSEEKO 1
| #define HAVE_GETCWD 1
| #define HAVE_GETTIMEOFDAY 1
| #define HAVE_MEMMOVE 1
| #define HAVE_MEMSET 1
| #define HAVE_MKDIR 1
| #define HAVE_STRERROR 1
| #define HAVE_STRERROR_R 1
| #define HAVE_NANOSLEEP 1
| #define HAVE_GMTIME_R 1
| /* end confdefs.h.  */
| 
| int
| main ()
| {
| 
|   ;
|   return 0;
| }
configure:18325: result: no
configure:18461: checking that generated files are newer than configure
configure:18467: result: done
configure:18502: creating ./config.status

## ---------------------- ##
## Running config.status. ##
## ---------------------- ##

This file was extended by bmx config.status 0.1.3, which was
generated by GNU Autoconf 2.69.  Invocation command line was

  CONFIG_FILES    = 
  CONFIG_HEADERS  = 
  CONFIG_LINKS    = 
  CONFIG_COMMANDS = 
  $ ./config.status 

on TedButler.local

config.status:1244: creating Makefile
config.status:1244: creating include/Makefile
config.status:1244: creating src/Makefile
config.status:1244: creating src/apps/Makefile
config.status:1244: creating src/common/Makefile
config.status:1244: creating src/frame/Makefile
config.status:1244: creating src/essence_parser/Makefile
config.status:1244: creating src/writer_helper/Makefile
config.status:1244: creating src/mxf_helper/Makefile
config.status:1244: creating src/mxf_reader/Makefile
config.status:1244: creating src/as02/Makefile
config.status:1244: creating src/mxf_op1a/Makefile
config.status:1244: creating src/avid_mxf/Makefile
config.status:1244: creating src/d10_mxf/Makefile
config.status:1244: creating src/as11/Makefile
config.status:1244: creating src/as10/Makefile
config.status:1244: creating src/rdd9_mxf/Makefile
config.status:1244: creating src/wave/Makefile
config.status:1244: creating src/clip_writer/Makefile
config.status:1244: creating src/st436/Makefile
config.status:1244: creating test/Makefile
config.status:1244: creating test/ard_zdf_hdf/Makefile
config.status:1244: creating test/as02/Makefile
config.status:1244: creating test/as10/Makefile
config.status:1244: creating test/as11/Makefile
config.status:1244: creating test/bmxtranswrap/Makefile
config.status:1244: creating test/mca/Makefile
config.status:1244: creating test/misc/Makefile
config.status:1244: creating test/mxf_op1a/Makefile
config.status:1244: creating test/avid_mxf/Makefile
config.status:1244: creating test/mxf_reader/Makefile
config.status:1244: creating test/d10_mxf/Makefile
config.status:1244: creating test/rdd9_mxf/Makefile
config.status:1244: creating test/wave/Makefile
config.status:1244: creating test/growing_file/Makefile
config.status:1244: creating test/rdd6/Makefile
config.status:1244: creating test/text_object/Makefile
config.status:1244: creating test/bbcarchive/Makefile
config.status:1244: creating apps/Makefile
config.status:1244: creating apps/mxf2raw/Makefile
config.status:1244: creating apps/writers/Makefile
config.status:1244: creating apps/raw2bmx/Makefile
config.status:1244: creating apps/bmxtranswrap/Makefile
config.status:1244: creating apps/bmxparse/Makefile
config.status:1244: creating tools/Makefile
config.status:1244: creating msvc_build/Makefile
config.status:1244: creating msvc_build/vs10/Makefile
config.status:1244: creating meta/Makefile
config.status:1244: creating meta/as10/Makefile
config.status:1244: creating meta/as11/Makefile
config.status:1244: creating meta/mxf2raw/Makefile
config.status:1244: creating meta/rdd6/Makefile
config.status:1244: creating bmx.pc
config.status:1244: creating config.h
config.status:1425: config.h is unchanged
config.status:1473: executing depfiles commands
config.status:1473: executing libtool commands

## ---------------- ##
## Cache variables. ##
## ---------------- ##

ac_cv_build=x86_64-apple-darwin17.7.0
ac_cv_c_compiler_gnu=yes
ac_cv_c_int16_t=yes
ac_cv_c_int32_t=yes
ac_cv_c_int64_t=yes
ac_cv_c_int8_t=yes
ac_cv_c_uint16_t=yes
ac_cv_c_uint32_t=yes
ac_cv_c_uint64_t=yes
ac_cv_c_uint8_t=yes
ac_cv_cxx_compiler_gnu=yes
ac_cv_env_CCC_set=
ac_cv_env_CCC_value=
ac_cv_env_CC_set=
ac_cv_env_CC_value=
ac_cv_env_CFLAGS_set=
ac_cv_env_CFLAGS_value=
ac_cv_env_CPPFLAGS_set=
ac_cv_env_CPPFLAGS_value=
ac_cv_env_CPP_set=
ac_cv_env_CPP_value=
ac_cv_env_CXXCPP_set=
ac_cv_env_CXXCPP_value=
ac_cv_env_CXXFLAGS_set=
ac_cv_env_CXXFLAGS_value=
ac_cv_env_CXX_set=
ac_cv_env_CXX_value=
ac_cv_env_LDFLAGS_set=
ac_cv_env_LDFLAGS_value=
ac_cv_env_LIBCURL_CFLAGS_set=
ac_cv_env_LIBCURL_CFLAGS_value=
ac_cv_env_LIBCURL_LIBS_set=
ac_cv_env_LIBCURL_LIBS_value=
ac_cv_env_LIBMXFPP_CFLAGS_set=
ac_cv_env_LIBMXFPP_CFLAGS_value=
ac_cv_env_LIBMXFPP_LIBS_set=
ac_cv_env_LIBMXFPP_LIBS_value=
ac_cv_env_LIBMXF_CFLAGS_set=
ac_cv_env_LIBMXF_CFLAGS_value=
ac_cv_env_LIBMXF_LIBS_set=
ac_cv_env_LIBMXF_LIBS_value=
ac_cv_env_LIBS_set=
ac_cv_env_LIBS_value=
ac_cv_env_LT_SYS_LIBRARY_PATH_set=
ac_cv_env_LT_SYS_LIBRARY_PATH_value=
ac_cv_env_PKG_CONFIG_LIBDIR_set=
ac_cv_env_PKG_CONFIG_LIBDIR_value=
ac_cv_env_PKG_CONFIG_PATH_set=
ac_cv_env_PKG_CONFIG_PATH_value=
ac_cv_env_PKG_CONFIG_set=
ac_cv_env_PKG_CONFIG_value=
ac_cv_env_build_alias_set=
ac_cv_env_build_alias_value=
ac_cv_env_host_alias_set=
ac_cv_env_host_alias_value=
ac_cv_env_target_alias_set=
ac_cv_env_target_alias_value=
ac_cv_func_getcwd=yes
ac_cv_func_gettimeofday=yes
ac_cv_func_gmtime_r=yes
ac_cv_func_memmove=yes
ac_cv_func_memset=yes
ac_cv_func_mkdir=yes
ac_cv_func_nanosleep=yes
ac_cv_func_strerror=yes
ac_cv_func_strerror_r=yes
ac_cv_header_dlfcn_h=yes
ac_cv_header_expat_h=yes
ac_cv_header_inttypes_h=yes
ac_cv_header_memory_h=yes
ac_cv_header_stdbool_h=yes
ac_cv_header_stdc=yes
ac_cv_header_stdint_h=yes
ac_cv_header_stdlib_h=yes
ac_cv_header_string_h=yes
ac_cv_header_strings_h=yes
ac_cv_header_sys_stat_h=yes
ac_cv_header_sys_time_h=yes
ac_cv_header_sys_timeb_h=yes
ac_cv_header_sys_types_h=yes
ac_cv_header_unistd_h=yes
ac_cv_host=x86_64-apple-darwin17.7.0
ac_cv_lib_expat_XML_GetFeatureList=yes
ac_cv_lib_rt_clock_gettime=no
ac_cv_lib_uriparser_uriParseUriA=yes
ac_cv_objext=o
ac_cv_path_EGREP='/usr/bin/grep -E'
ac_cv_path_FGREP='/usr/bin/grep -F'
ac_cv_path_GREP=/usr/bin/grep
ac_cv_path_SED=/usr/bin/sed
ac_cv_path_ac_pt_PKG_CONFIG=/usr/local/bin/pkg-config
ac_cv_path_install='/usr/bin/install -c'
ac_cv_path_lt_DD=/bin/dd
ac_cv_prog_AWK=awk
ac_cv_prog_CPP='gcc -E'
ac_cv_prog_CXXCPP='g++ -E'
ac_cv_prog_ac_ct_AR=ar
ac_cv_prog_ac_ct_CC=gcc
ac_cv_prog_ac_ct_CXX=g++
ac_cv_prog_ac_ct_DSYMUTIL=dsymutil
ac_cv_prog_ac_ct_LIPO=lipo
ac_cv_prog_ac_ct_NMEDIT=nmedit
ac_cv_prog_ac_ct_OBJDUMP=objdump
ac_cv_prog_ac_ct_OTOOL=otool
ac_cv_prog_ac_ct_RANLIB=ranlib
ac_cv_prog_ac_ct_STRIP=strip
ac_cv_prog_cc_c89=
ac_cv_prog_cc_g=yes
ac_cv_prog_cxx_g=yes
ac_cv_prog_make_make_set=yes
ac_cv_sys_file_offset_bits=no
ac_cv_sys_largefile_CC=no
ac_cv_sys_largefile_source=no
ac_cv_type__Bool=yes
ac_cv_type_size_t=yes
am_cv_CC_dependencies_compiler_type=gcc3
am_cv_CXX_dependencies_compiler_type=gcc3
am_cv_ar_interface=ar
am_cv_make_support_nested_variables=yes
am_cv_prog_cc_c_o=yes
lt_cv_apple_cc_single_mod=yes
lt_cv_ar_at_file=no
lt_cv_deplibs_check_method=pass_all
lt_cv_file_magic_cmd='$MAGIC_CMD'
lt_cv_file_magic_test_file=
lt_cv_ld_exported_symbols_list=yes
lt_cv_ld_force_load=yes
lt_cv_ld_reload_flag=-r
lt_cv_nm_interface='BSD nm'
lt_cv_objdir=.libs
lt_cv_path_LD=/Applications/Xcode.app/Contents/Developer/Toolchains/XcodeDefault.xctoolchain/usr/bin/ld
lt_cv_path_LDCXX=/Applications/Xcode.app/Contents/Developer/Toolchains/XcodeDefault.xctoolchain/usr/bin/ld
lt_cv_path_NM='/usr/bin/nm -B'
lt_cv_path_mainfest_tool=no
lt_cv_prog_compiler_c_o=yes
lt_cv_prog_compiler_c_o_CXX=yes
lt_cv_prog_compiler_pic='-fno-common -DPIC'
lt_cv_prog_compiler_pic_CXX='-fno-common -DPIC'
lt_cv_prog_compiler_pic_works=yes
lt_cv_prog_compiler_pic_works_CXX=yes
lt_cv_prog_compiler_rtti_exceptions=yes
lt_cv_prog_compiler_static_works=no
lt_cv_prog_compiler_static_works_CXX=no
lt_cv_prog_gnu_ld=no
lt_cv_prog_gnu_ldcxx=no
lt_cv_sharedlib_from_linklib_cmd='printf %s\n'
lt_cv_sys_global_symbol_pipe='sed -n -e '\''s/^.*[	 ]\([BCDEGRST][BCDEGRST]*\)[	 ][	 ]*_\([_A-Za-z][_A-Za-z0-9]*\)$/\1 _\2 \2/p'\'' | sed '\''/ __gnu_lto/d'\'''
lt_cv_sys_global_symbol_to_c_name_address='sed -n -e '\''s/^: \(.*\) .*$/  {"\1", (void *) 0},/p'\'' -e '\''s/^[BCDEGRST][BCDEGRST]* .* \(.*\)$/  {"\1", (void *) \&\1},/p'\'''
lt_cv_sys_global_symbol_to_c_name_address_lib_prefix='sed -n -e '\''s/^: \(.*\) .*$/  {"\1", (void *) 0},/p'\'' -e '\''s/^[BCDEGRST][BCDEGRST]* .* \(lib.*\)$/  {"\1", (void *) \&\1},/p'\'' -e '\''s/^[BCDEGRST][BCDEGRST]* .* \(.*\)$/  {"lib\1", (void *) \&\1},/p'\'''
lt_cv_sys_global_symbol_to_cdecl='sed -n -e '\''s/^T .* \(.*\)$/extern int \1();/p'\'' -e '\''s/^[BCDEGRST][BCDEGRST]* .* \(.*\)$/extern char \1;/p'\'''
lt_cv_sys_global_symbol_to_import=
lt_cv_sys_max_cmd_len=196608
lt_cv_to_host_file_cmd=func_convert_file_noop
lt_cv_to_tool_file_cmd=func_convert_file_noop
lt_cv_truncate_bin='/bin/dd bs=4096 count=1'
pkg_cv_LIBCURL_CFLAGS=
pkg_cv_LIBCURL_LIBS=-lcurl
pkg_cv_LIBMXFPP_CFLAGS='-I/usr/local/include/libMXF++-1.0 -I/usr/local/include/libMXF-1.0'
pkg_cv_LIBMXFPP_LIBS='-L/usr/local/lib -lMXF++-1.0 -lMXF-1.0'
pkg_cv_LIBMXF_CFLAGS=-I/usr/local/include/libMXF-1.0
pkg_cv_LIBMXF_LIBS='-L/usr/local/lib -lMXF-1.0'

## ----------------- ##
## Output variables. ##
## ----------------- ##

ACLOCAL='${SHELL} /Users/tedbutler/Downloads/bmx-snapshot-20170814/bmx/missing aclocal-1.15'
AMDEPBACKSLASH='\'
AMDEP_FALSE='#'
AMDEP_TRUE=''
AMTAR='$${TAR-tar}'
AM_BACKSLASH='\'
AM_DEFAULT_V='$(AM_DEFAULT_VERBOSITY)'
AM_DEFAULT_VERBOSITY='0'
AM_V='$(V)'
AR='ar'
AUTOCONF='${SHELL} /Users/tedbutler/Downloads/bmx-snapshot-20170814/bmx/missing autoconf'
AUTOHEADER='${SHELL} /Users/tedbutler/Downloads/bmx-snapshot-20170814/bmx/missing autoheader'
AUTOMAKE='${SHELL} /Users/tedbutler/Downloads/bmx-snapshot-20170814/bmx/missing automake-1.15'
AWK='awk'
BMX_CFLAGS=' -W -Wall -I/usr/local/include/libMXF-1.0 -I/usr/local/include/libMXF++-1.0 -I/usr/local/include/libMXF-1.0 	   -I$(top_srcdir)/include'
BMX_LDADDLIBS='-lm   -luriparser -L/usr/local/lib -lMXF-1.0 	-L/usr/local/lib -lMXF++-1.0 -lMXF-1.0 -lexpat -lcurl 	$(top_builddir)/src/libbmx-0.1.la'
BMX_LDFLAGS=''
BMX_LIBADDLIBS='-lm   -luriparser -L/usr/local/lib -lMXF-1.0 	-L/usr/local/lib -lMXF++-1.0 -lMXF-1.0 -lexpat -lcurl'
BMX_LIBVERSION='4:0:0'
BMX_MAJORMINOR='0.1'
CC='gcc'
CCDEPMODE='depmode=gcc3'
CFLAGS='-g -O2'
CPP='gcc -E'
CPPFLAGS=''
CXX='g++'
CXXCPP='g++ -E'
CXXDEPMODE='depmode=gcc3'
CXXFLAGS='-g -O2'
CYGPATH_W='echo'
DEFS='-DHAVE_CONFIG_H'
DEPDIR='.deps'
DLLTOOL='false'
DSYMUTIL='dsymutil'
DUMPBIN=''
ECHO_C='\c'
ECHO_N=''
ECHO_T=''
EGREP='/usr/bin/grep -E'
ENABLE_BBCARCH_CHECK_FALSE=''
ENABLE_BBCARCH_CHECK_TRUE='#'
EXEEXT=''
EXPAT_CFLAGS=''
EXPAT_LIBS='-lexpat'
FGREP='/usr/bin/grep -F'
GREP='/usr/bin/grep'
INSTALL_DATA='${INSTALL} -m 644'
INSTALL_PROGRAM='${INSTALL}'
INSTALL_SCRIPT='${INSTALL}'
INSTALL_STRIP_PROGRAM='$(install_sh) -c -s'
LD='/Applications/Xcode.app/Contents/Developer/Toolchains/XcodeDefault.xctoolchain/usr/bin/ld'
LDFLAGS=''
LIBCURL_CFLAGS=''
LIBCURL_LIBS='-lcurl'
LIBMXFPP_CFLAGS='-I/usr/local/include/libMXF++-1.0 -I/usr/local/include/libMXF-1.0'
LIBMXFPP_LIBS='-L/usr/local/lib -lMXF++-1.0 -lMXF-1.0'
LIBMXFPP_MAJORMINOR='1.0'
LIBMXF_CFLAGS='-I/usr/local/include/libMXF-1.0'
LIBMXF_LIBS='-L/usr/local/lib -lMXF-1.0'
LIBMXF_MAJORMINOR='1.0'
LIBOBJS=''
LIBS='-luriparser '
LIBTOOL='$(SHELL) $(top_builddir)/libtool'
LIBURIPARSER_CFLAGS=''
LIBURIPARSER_LIBS='-luriparser'
LIPO='lipo'
LN_S='ln -s'
LTLIBOBJS=''
LT_SYS_LIBRARY_PATH=''
MAKEINFO='${SHELL} /Users/tedbutler/Downloads/bmx-snapshot-20170814/bmx/missing makeinfo'
MANIFEST_TOOL=':'
MKDIR_P='./install-sh -c -d'
NM='/usr/bin/nm -B'
NMEDIT='nmedit'
OBJDUMP='objdump'
OBJEXT='o'
OTOOL64=':'
OTOOL='otool'
PACKAGE='bmx'
PACKAGE_BUGREPORT=''
PACKAGE_NAME='bmx'
PACKAGE_STRING='bmx 0.1.3'
PACKAGE_TARNAME='bmx'
PACKAGE_URL=''
PACKAGE_VERSION='0.1.3'
PATH_SEPARATOR=':'
PC_ADD_LIBS=''
PC_ADD_PRIVATE_LIBS='-lm   -luriparser -lexpat'
PKG_CONFIG='/usr/local/bin/pkg-config'
PKG_CONFIG_LIBDIR=''
PKG_CONFIG_PATH=''
RANLIB='ranlib'
SED='/usr/bin/sed'
SET_MAKE=''
SHELL='/bin/sh'
STRIP='strip'
UUIDLIB=''
VERSION='0.1.3'
WARN_CFLAGS=' -W -Wall'
ac_ct_AR='ar'
ac_ct_CC='gcc'
ac_ct_CXX='g++'
ac_ct_DUMPBIN=''
am__EXEEXT_FALSE=''
am__EXEEXT_TRUE='#'
am__fastdepCC_FALSE='#'
am__fastdepCC_TRUE=''
am__fastdepCXX_FALSE='#'
am__fastdepCXX_TRUE=''
am__include='include'
am__isrc=''
am__leading_dot='.'
am__nodep='_no'
am__quote=''
am__tar='$${TAR-tar} chof - "$$tardir"'
am__untar='$${TAR-tar} xf -'
bindir='${exec_prefix}/bin'
build='x86_64-apple-darwin17.7.0'
build_alias=''
build_cpu='x86_64'
build_os='darwin17.7.0'
build_vendor='apple'
datadir='${datarootdir}'
datarootdir='${prefix}/share'
docdir='${datarootdir}/doc/${PACKAGE_TARNAME}'
dvidir='${docdir}'
exec_prefix='${prefix}'
host='x86_64-apple-darwin17.7.0'
host_alias=''
host_cpu='x86_64'
host_os='darwin17.7.0'
host_vendor='apple'
htmldir='${docdir}'
includedir='${prefix}/include'
infodir='${datarootdir}/info'
install_sh='${SHELL} /Users/tedbutler/Downloads/bmx-snapshot-20170814/bmx/install-sh'
libdir='${exec_prefix}/lib'
libexecdir='${exec_prefix}/libexec'
localedir='${datarootdir}/locale'
localstatedir='${prefix}/var'
mandir='${datarootdir}/man'
mkdir_p='$(MKDIR_P)'
oldincludedir='/usr/include'
pdfdir='${docdir}'
pkgconfigdir='$(libdir)/pkgconfig'
prefix='/usr/local'
program_transform_name='s,x,x,'
psdir='${docdir}'
runstatedir='${localstatedir}/run'
sbindir='${exec_prefix}/sbin'
sharedstatedir='${prefix}/com'
sysconfdir='${prefix}/etc'
target_alias=''

## ----------- ##
## confdefs.h. ##
## ----------- ##

/* confdefs.h */
#define PACKAGE_NAME "bmx"
#define PACKAGE_TARNAME "bmx"
#define PACKAGE_VERSION "0.1.3"
#define PACKAGE_STRING "bmx 0.1.3"
#define PACKAGE_BUGREPORT ""
#define PACKAGE_URL ""
#define PACKAGE "bmx"
#define VERSION "0.1.3"
#define STDC_HEADERS 1
#define HAVE_SYS_TYPES_H 1
#define HAVE_SYS_STAT_H 1
#define HAVE_STDLIB_H 1
#define HAVE_STRING_H 1
#define HAVE_MEMORY_H 1
#define HAVE_STRINGS_H 1
#define HAVE_INTTYPES_H 1
#define HAVE_STDINT_H 1
#define HAVE_UNISTD_H 1
#define HAVE_DLFCN_H 1
#define LT_OBJDIR ".libs/"
#define HAVE_LIBURIPARSER 1
#define HAVE_EXPAT_H 1
#define HAVE_LIBCURL 1
#define HAVE_INTTYPES_H 1
#define HAVE_SYS_TIME_H 1
#define HAVE_SYS_TIMEB_H 1
#define HAVE_UNISTD_H 1
#define HAVE__BOOL 1
#define HAVE_STDBOOL_H 1
#define PRIszt "zu"
#define HAVE_FSEEKO 1
#define HAVE_GETCWD 1
#define HAVE_GETTIMEOFDAY 1
#define HAVE_MEMMOVE 1
#define HAVE_MEMSET 1
#define HAVE_MKDIR 1
#define HAVE_STRERROR 1
#define HAVE_STRERROR_R 1
#define HAVE_NANOSLEEP 1
#define HAVE_GMTIME_R 1

configure: exit 0
